[2025-04-12 18:21:12,061] [DEBUG] [Anti] task_data: {'taskId': '86179291-8bc2-4482-b9ff-76e646b1247c', 'type': 'AntiTurnstileTaskProxyLess', 'websiteKey': '0x4AAAAAABA4JXCaw9E2Py-9', 'websiteURL': 'https://testnet.megaeth.com/', 'metadata': {'action': ''}}
[2025-04-12 18:21:12,061] [DEBUG] [Anti] action: 0x4AAAAAABA4JXCaw9E2Py-9
[2025-04-12 18:21:12,061] [DEBUG] [Anti] headless: False
[2025-04-12 18:21:12,061] [DEBUG] [Anti] solver: <task_handlers.AntiTurnstileTaskProxyLess.TurnstileSolver object at 0x108105e90>
[2025-04-12 18:21:12,061] [DEBUG] [Anti] Attempting to solve URL: https://testnet.megaeth.com/
[2025-04-12 18:22:51,977] [DEBUG] [Anti] task_data: {'taskId': '1284aeb1-c7fe-4da4-a754-8a39db71d0ab', 'type': 'AntiTurnstileTaskProxyLess', 'websiteKey': '0x4AAAAAABA4JXCaw9E2Py-9', 'websiteURL': 'https://testnet.megaeth.com/', 'metadata': {'action': ''}}
[2025-04-12 18:22:51,977] [DEBUG] [Anti] action: 0x4AAAAAABA4JXCaw9E2Py-9
[2025-04-12 18:22:51,977] [DEBUG] [Anti] headless: False
[2025-04-12 18:22:51,977] [DEBUG] [Anti] solver: <task_handlers.AntiTurnstileTaskProxyLess.TurnstileSolver object at 0x11a534490>
[2025-04-12 18:22:51,978] [DEBUG] [Anti] Attempting to solve URL: https://testnet.megaeth.com/
[2025-04-12 18:23:27,837] [DEBUG] [Anti] task_data: {'taskId': 'adc46e5e-d5fd-4839-a62e-7e9505dd870f', 'type': 'AntiTurnstileTaskProxyLess', 'websiteKey': '0x4AAAAAABA4JXCaw9E2Py-9', 'websiteURL': 'https://testnet.megaeth.com/', 'metadata': {'action': ''}}
[2025-04-12 18:23:27,837] [DEBUG] [Anti] action: 0x4AAAAAABA4JXCaw9E2Py-9
[2025-04-12 18:23:27,837] [DEBUG] [Anti] headless: False
[2025-04-12 18:23:27,837] [DEBUG] [Anti] solver: <task_handlers.AntiTurnstileTaskProxyLess.TurnstileSolver object at 0x1065d0a90>
[2025-04-12 18:23:27,837] [DEBUG] [Anti] Attempting to solve URL: https://testnet.megaeth.com/
[2025-04-12 18:24:12,954] [DEBUG] [Anti] task_data: {'taskId': 'febeecdb-ac1d-4348-8031-a0097d896a75', 'type': 'AntiTurnstileTaskProxyLess', 'websiteKey': '0x4AAAAAABA4JXCaw9E2Py-9', 'websiteURL': 'https://testnet.megaeth.com/', 'metadata': {'action': ''}}
[2025-04-12 18:24:12,954] [DEBUG] [Anti] action: 0x4AAAAAABA4JXCaw9E2Py-9
[2025-04-12 18:24:12,954] [DEBUG] [Anti] headless: False
[2025-04-12 18:24:12,955] [DEBUG] [Anti] solver: <task_handlers.AntiTurnstileTaskProxyLess.TurnstileSolver object at 0x1074dcb90>
[2025-04-12 18:24:12,955] [DEBUG] [Anti] Attempting to solve URL: https://testnet.megaeth.com/
[2025-04-12 18:25:18,046] [DEBUG] [Anti] task_data: {'taskId': 'e40ef609-514d-482e-bad1-06cdf336294a', 'type': 'AntiTurnstileTaskProxyLess', 'websiteKey': '0x4AAAAAABA4JXCaw9E2Py-9', 'websiteURL': 'https://testnet.megaeth.com/', 'metadata': {'action': ''}}
[2025-04-12 18:25:18,047] [DEBUG] [Anti] action: 0x4AAAAAABA4JXCaw9E2Py-9
[2025-04-12 18:25:18,047] [DEBUG] [Anti] headless: False
[2025-04-12 18:25:18,047] [DEBUG] [Anti] solver: <task_handlers.AntiTurnstileTaskProxyLess.TurnstileSolver object at 0x104fa9c50>
[2025-04-12 18:25:18,047] [DEBUG] [Anti] Attempting to solve URL: https://testnet.megaeth.com/
[2025-04-12 18:25:28,665] [DEBUG] [Anti] 🧠 内存占用: 150.52 MB
[2025-04-12 18:25:28,670] [DEBUG] [Anti] 对象数量追踪: 82759
[2025-04-12 18:27:39,679] [DEBUG] [Anti] task_data: {'taskId': '00deea6a-08f3-4fdd-a1ae-8e155843bb26', 'type': 'AntiTurnstileTaskProxyLess', 'websiteKey': '0x4AAAAAABA4JXCaw9E2Py-9', 'websiteURL': 'https://testnet.megaeth.com/', 'metadata': {'action': ''}}
[2025-04-12 18:27:39,679] [DEBUG] [Anti] action: 0x4AAAAAABA4JXCaw9E2Py-9
[2025-04-12 18:27:39,679] [DEBUG] [Anti] headless: False
[2025-04-12 18:27:39,679] [DEBUG] [Anti] solver: <task_handlers.AntiTurnstileTaskProxyLess.TurnstileSolver object at 0x1055cac50>
[2025-04-12 18:27:39,679] [DEBUG] [Anti] Attempting to solve URL: https://testnet.megaeth.com/
[2025-04-12 18:28:04,066] [DEBUG] [Anti] task_data: {'taskId': '12938a7b-2e18-47ed-9cbd-c93c7630f9ea', 'type': 'AntiTurnstileTaskProxyLess', 'websiteKey': '0x4AAAAAABA4JXCaw9E2Py-9', 'websiteURL': 'https://testnet.megaeth.com/', 'metadata': {'action': ''}}
[2025-04-12 18:28:04,066] [DEBUG] [Anti] action: 0x4AAAAAABA4JXCaw9E2Py-9
[2025-04-12 18:28:04,066] [DEBUG] [Anti] headless: False
[2025-04-12 18:28:04,066] [DEBUG] [Anti] solver: <task_handlers.AntiTurnstileTaskProxyLess.TurnstileSolver object at 0x104558a90>
[2025-04-12 18:28:04,067] [DEBUG] [Anti] Attempting to solve URL: https://testnet.megaeth.com/
[2025-04-12 18:28:04,067] [DEBUG] [Anti] Proxy: {'server': None, 'username': None, 'password': None}
[2025-04-12 18:28:48,921] [DEBUG] [Anti] task_data: {'taskId': 'a91efa13-e80b-428b-a110-a96b2053dd98', 'type': 'AntiTurnstileTaskProxyLess', 'websiteKey': '0x4AAAAAABA4JXCaw9E2Py-9', 'websiteURL': 'https://testnet.megaeth.com/', 'metadata': {'action': ''}}
[2025-04-12 18:28:48,921] [DEBUG] [Anti] action: 0x4AAAAAABA4JXCaw9E2Py-9
[2025-04-12 18:28:48,921] [DEBUG] [Anti] headless: False
[2025-04-12 18:28:48,922] [DEBUG] [Anti] solver: <task_handlers.AntiTurnstileTaskProxyLess.TurnstileSolver object at 0x1131d8ad0>
[2025-04-12 18:28:48,922] [DEBUG] [Anti] Attempting to solve URL: https://testnet.megaeth.com/
[2025-04-12 18:29:38,298] [DEBUG] [Anti] task_data: {'taskId': '63e2ed9e-1d62-4027-b176-4789dc94bf67', 'type': 'AntiTurnstileTaskProxyLess', 'websiteKey': '0x4AAAAAABA4JXCaw9E2Py-9', 'websiteURL': 'https://testnet.megaeth.com/', 'metadata': {'action': ''}}
[2025-04-12 18:29:38,298] [DEBUG] [Anti] action: 0x4AAAAAABA4JXCaw9E2Py-9
[2025-04-12 18:29:38,299] [DEBUG] [Anti] headless: False
[2025-04-12 18:29:38,299] [DEBUG] [Anti] solver: <task_handlers.AntiTurnstileTaskProxyLess.TurnstileSolver object at 0x105130350>
[2025-04-12 18:29:38,299] [DEBUG] [Anti] Attempting to solve URL: https://testnet.megaeth.com/
[2025-04-12 18:29:38,299] [DEBUG] [Anti] Proxy: {'server': 'http://pr-sg.ip2world.com:6001', 'username': 'capsolver-zone-resi-region-hk', 'password': '123456'}
[2025-04-12 18:29:48,243] [DEBUG] [Anti] 🧠 内存占用: 145.77 MB
[2025-04-12 18:29:48,244] [DEBUG] [Anti] 对象数量追踪: 82519
[2025-04-12 18:31:19,089] [DEBUG] [Anti] task_data: {'taskId': '40bb7f86-9a37-4c24-b1ee-8a6c1d720a7a', 'type': 'AntiTurnstileTaskProxyLess', 'websiteKey': '0x4AAAAAABA4JXCaw9E2Py-9', 'websiteURL': 'https://testnet.megaeth.com/', 'metadata': {'action': ''}}
[2025-04-12 18:31:19,089] [DEBUG] [Anti] action: 0x4AAAAAABA4JXCaw9E2Py-9
[2025-04-12 18:31:19,089] [DEBUG] [Anti] headless: True
[2025-04-12 18:31:19,089] [DEBUG] [Anti] solver: <task_handlers.AntiTurnstileTaskProxyLess.TurnstileSolver object at 0x102ca4c50>
[2025-04-12 18:31:19,089] [DEBUG] [Anti] Attempting to solve URL: https://testnet.megaeth.com/
[2025-04-12 18:31:19,089] [DEBUG] [Anti] Proxy: {'server': 'http://pr-sg.ip2world.com:6001', 'username': 'capsolver-zone-resi-region-hk', 'password': '123456'}
[2025-04-12 18:31:58,103] [ERROR] [Anti] Failed to retrieve Turnstile value.
[2025-04-12 18:31:58,418] [DEBUG] [Anti] 🧠 内存占用: 168.36 MB
[2025-04-12 18:31:58,420] [DEBUG] [Anti] 对象数量追踪: 98704
[2025-04-12 18:33:59,052] [DEBUG] [Anti] task_data: {'taskId': 'ac871682-ccf7-4c29-b31b-d2f58f9ea749', 'type': 'AntiTurnstileTaskProxyLess', 'websiteKey': '0x4AAAAAABA4JXCaw9E2Py-9', 'websiteURL': 'https://testnet.megaeth.com/', 'metadata': {'action': ''}}
[2025-04-12 18:33:59,052] [DEBUG] [Anti] action: 0x4AAAAAABA4JXCaw9E2Py-9
[2025-04-12 18:33:59,052] [DEBUG] [Anti] headless: True
[2025-04-12 18:33:59,053] [DEBUG] [Anti] solver: <task_handlers.AntiTurnstileTaskProxyLess.TurnstileSolver object at 0x101726190>
[2025-04-12 18:33:59,053] [DEBUG] [Anti] Attempting to solve URL: https://testnet.megaeth.com/
[2025-04-12 18:33:59,053] [DEBUG] [Anti] Proxy: {'server': 'http://pr-sg.ip2world.com:6001', 'username': 'capsolver-zone-resi-region-hk', 'password': '123456'}
[2025-04-12 18:34:09,050] [INFO] [Anti] Solved Turnstile in 10.0s -> 0.Nn1t3c8X...
[2025-04-12 18:34:09,421] [DEBUG] [Anti] 🧠 内存占用: 168.36 MB
[2025-04-12 18:34:09,423] [DEBUG] [Anti] 对象数量追踪: 99051
[2025-04-12 18:36:07,869] [DEBUG] [Anti] task_data: {'taskId': '3a6bd43a-20d3-4860-853e-94059666ea30', 'type': 'AntiTurnstileTaskProxyLess', 'websiteKey': '0x4AAAAAABA4JXCaw9E2Py-9', 'websiteURL': 'https://testnet.megaeth.com/', 'metadata': {'action': ''}}
[2025-04-12 18:36:07,870] [DEBUG] [Anti] action: 0x4AAAAAABA4JXCaw9E2Py-9
[2025-04-12 18:36:07,870] [DEBUG] [Anti] headless: True
[2025-04-12 18:36:07,870] [DEBUG] [Anti] solver: <task_handlers.AntiTurnstileTaskProxyLess.TurnstileSolver object at 0x106d50550>
[2025-04-12 18:36:07,870] [DEBUG] [Anti] Attempting to solve URL: https://testnet.megaeth.com/
[2025-04-12 18:36:07,870] [DEBUG] [Anti] Proxy: {'server': 'http://pr-sg.ip2world.com:6001', 'username': 'capsolver-zone-resi-region-hk', 'password': '123456'}
[2025-04-12 18:36:21,961] [INFO] [Anti] Solved Turnstile in 14.09s -> 0.z8SabV8v...
[2025-04-12 18:36:22,285] [DEBUG] [Anti] 🧠 内存占用: 168.08 MB
[2025-04-12 18:36:22,288] [DEBUG] [Anti] 对象数量追踪: 99324
[2025-04-12 18:39:08,409] [DEBUG] [Anti] task_data: {'taskId': '29cae8de-373a-4662-abe8-99651db8ea5c', 'type': 'AntiTurnstileTaskProxyLess', 'websiteKey': '0x4AAAAAABA4JXCaw9E2Py-9', 'websiteURL': 'https://testnet.megaeth.com/', 'metadata': {'action': ''}}
[2025-04-12 18:39:08,409] [DEBUG] [Anti] action: 0x4AAAAAABA4JXCaw9E2Py-9
[2025-04-12 18:39:08,409] [DEBUG] [Anti] headless: True
[2025-04-12 18:39:08,409] [DEBUG] [Anti] solver: <task_handlers.AntiTurnstileTaskProxyLess.TurnstileSolver object at 0x1193a9fd0>
[2025-04-12 18:39:08,409] [DEBUG] [Anti] Attempting to solve URL: https://testnet.megaeth.com/
[2025-04-12 18:39:08,409] [DEBUG] [Anti] Proxy: {'server': 'http://pr-sg.ip2world.com:6001', 'username': 'capsolver-zone-resi-region-hk', 'password': '123456'}
[2025-04-12 18:39:18,319] [INFO] [Anti] Solved Turnstile in 9.91s -> 0.kXAxmTuW...
[2025-04-12 18:39:18,651] [DEBUG] [Anti] 🧠 内存占用: 165.44 MB
[2025-04-12 18:39:18,653] [DEBUG] [Anti] 对象数量追踪: 99084
[2025-04-12 18:41:26,253] [INFO] [Anti] ✅ Solved Turnstile in 9.69s -> 0.3rZLr9XJ...
[2025-04-12 18:53:45,193] [INFO] [Anti] ✅ Solved Turnstile in 10.21s -> 0.xaOQUp6U...
